2023-01-31 10:31:29.242 [info] Extension host with pid 2481 started
2023-01-31 10:31:29.242 [info] Skipping acquiring lock for /home/inkeaton/.config/VSCodium/User/workspaceStorage/8c28cae6c80c4b832707c291445870b3.
2023-01-31 10:31:29.294 [info] ExtensionService#_doActivateExtension vscode.git-base, startup: true, activationEvent: '*', root cause: vscode.git
2023-01-31 10:31:29.527 [info] ExtensionService#_doActivateExtension vscode.git, startup: true, activationEvent: '*'
2023-01-31 10:31:29.527 [info] ExtensionService#_doActivateExtension vscode.github, startup: true, activationEvent: '*'
2023-01-31 10:31:29.586 [info] Eager extensions activated
2023-01-31 10:31:29.596 [info] ExtensionService#_doActivateExtension vscode.debug-auto-launch, startup: false, activationEvent: 'onStartupFinished'
2023-01-31 10:31:29.596 [info] ExtensionService#_doActivateExtension vscode.emmet, startup: false, activationEvent: 'onStartupFinished'
2023-01-31 10:31:29.597 [info] ExtensionService#_doActivateExtension vscode.merge-conflict, startup: false, activationEvent: 'onStartupFinished'
2023-01-31 10:31:29.597 [info] ExtensionService#_doActivateExtension PKief.material-icon-theme, startup: false, activationEvent: 'onStartupFinished'
2023-01-31 10:31:37.142 [info] ExtensionService#_doActivateExtension vscode.configuration-editing, startup: false, activationEvent: 'onLanguage:jsonc'
2023-01-31 10:31:37.142 [info] ExtensionService#_doActivateExtension vscode.json-language-features, startup: false, activationEvent: 'onLanguage:jsonc'
2023-01-31 10:31:37.142 [info] ExtensionService#_doActivateExtension vscode.typescript-language-features, startup: false, activationEvent: 'onLanguage:jsonc'
2023-01-31 10:31:37.171 [warning] Using default string since no string found in i18n bundle that has the key: Configure
2023-01-31 10:31:37.171 [warning] Using default string since no string found in i18n bundle that has the key: JSON Language Server
2023-01-31 10:31:37.203 [warning] Using default string since no string found in i18n bundle that has the key: JSON: Schema Resolution Error
2023-01-31 10:31:37.320 [warning] Using default string since no string found in i18n bundle that has the key: Unable to resolve schema. Click to retry.
2023-01-31 10:31:37.320 [warning] Using default string since no string found in i18n bundle that has the key: JSON Validation Status
2023-01-31 10:31:37.320 [warning] Using default string since no string found in i18n bundle that has the key: Unable to compute used schemas: No document
2023-01-31 10:31:38.696 [warning] Using default string since no string found in i18n bundle that has the key: Loading JSON info
2023-01-31 10:31:38.700 [warning] Using default string since no string found in i18n bundle that has the key: No Schema Validation
2023-01-31 10:31:38.700 [warning] Using default string since no string found in i18n bundle that has the key: no JSON schema configured
2023-01-31 10:31:38.700 [warning] Using default string since no string found in i18n bundle that has the key: Show Schemas
2023-01-31 10:31:41.002 [warning] Using default string since no string found in i18n bundle that has the key: Unable to compute used schemas: No document
2023-01-31 10:32:21.013 [warning] Using default string since no string found in i18n bundle that has the key: Loading JSON info
2023-01-31 10:32:21.022 [warning] Using default string since no string found in i18n bundle that has the key: No Schema Validation
2023-01-31 10:32:21.023 [warning] Using default string since no string found in i18n bundle that has the key: no JSON schema configured
2023-01-31 10:32:21.023 [warning] Using default string since no string found in i18n bundle that has the key: Show Schemas
2023-01-31 10:32:23.774 [warning] Using default string since no string found in i18n bundle that has the key: Unable to compute used schemas: No document
2023-01-31 10:33:03.014 [warning] Using default string since no string found in i18n bundle that has the key: Loading JSON info
2023-01-31 10:33:03.023 [warning] Using default string since no string found in i18n bundle that has the key: No Schema Validation
2023-01-31 10:33:03.024 [warning] Using default string since no string found in i18n bundle that has the key: no JSON schema configured
2023-01-31 10:33:03.024 [warning] Using default string since no string found in i18n bundle that has the key: Show Schemas
2023-01-31 10:33:05.582 [warning] Using default string since no string found in i18n bundle that has the key: Unable to compute used schemas: No document
2023-01-31 10:33:38.995 [warning] Using default string since no string found in i18n bundle that has the key: Loading JSON info
2023-01-31 10:33:38.999 [warning] Using default string since no string found in i18n bundle that has the key: No Schema Validation
2023-01-31 10:33:38.999 [warning] Using default string since no string found in i18n bundle that has the key: no JSON schema configured
2023-01-31 10:33:38.999 [warning] Using default string since no string found in i18n bundle that has the key: Show Schemas
2023-01-31 10:33:59.810 [warning] Using default string since no string found in i18n bundle that has the key: Unable to compute used schemas: No document
2023-01-31 10:34:08.470 [warning] Using default string since no string found in i18n bundle that has the key: Loading JSON info
2023-01-31 10:34:08.476 [warning] Using default string since no string found in i18n bundle that has the key: No Schema Validation
2023-01-31 10:34:08.477 [warning] Using default string since no string found in i18n bundle that has the key: no JSON schema configured
2023-01-31 10:34:08.477 [warning] Using default string since no string found in i18n bundle that has the key: Show Schemas
2023-01-31 10:34:14.905 [warning] Using default string since no string found in i18n bundle that has the key: Unable to compute used schemas: No document
2023-01-31 10:34:22.054 [warning] Using default string since no string found in i18n bundle that has the key: Loading JSON info
2023-01-31 10:34:22.061 [warning] Using default string since no string found in i18n bundle that has the key: No Schema Validation
2023-01-31 10:34:22.061 [warning] Using default string since no string found in i18n bundle that has the key: no JSON schema configured
2023-01-31 10:34:22.061 [warning] Using default string since no string found in i18n bundle that has the key: Show Schemas
2023-01-31 10:35:25.037 [warning] Using default string since no string found in i18n bundle that has the key: Unable to compute used schemas: No document
2023-01-31 10:35:41.079 [warning] Using default string since no string found in i18n bundle that has the key: Loading JSON info
2023-01-31 10:35:41.088 [warning] Using default string since no string found in i18n bundle that has the key: No Schema Validation
2023-01-31 10:35:41.088 [warning] Using default string since no string found in i18n bundle that has the key: no JSON schema configured
2023-01-31 10:35:41.089 [warning] Using default string since no string found in i18n bundle that has the key: Show Schemas
2023-01-31 10:35:46.213 [warning] Using default string since no string found in i18n bundle that has the key: Unable to compute used schemas: No document
2023-01-31 10:35:57.338 [warning] Using default string since no string found in i18n bundle that has the key: Loading JSON info
2023-01-31 10:35:57.345 [warning] Using default string since no string found in i18n bundle that has the key: No Schema Validation
2023-01-31 10:35:57.345 [warning] Using default string since no string found in i18n bundle that has the key: no JSON schema configured
2023-01-31 10:35:57.345 [warning] Using default string since no string found in i18n bundle that has the key: Show Schemas
2023-01-31 10:36:24.155 [warning] Using default string since no string found in i18n bundle that has the key: Unable to compute used schemas: No document
2023-01-31 10:36:41.892 [warning] Using default string since no string found in i18n bundle that has the key: Loading JSON info
2023-01-31 10:36:41.896 [warning] Using default string since no string found in i18n bundle that has the key: No Schema Validation
2023-01-31 10:36:41.896 [warning] Using default string since no string found in i18n bundle that has the key: no JSON schema configured
2023-01-31 10:36:41.896 [warning] Using default string since no string found in i18n bundle that has the key: Show Schemas
2023-01-31 10:36:44.700 [warning] Using default string since no string found in i18n bundle that has the key: Unable to compute used schemas: No document
2023-01-31 10:36:44.757 [warning] Using default string since no string found in i18n bundle that has the key: Loading JSON info
2023-01-31 10:36:44.766 [warning] Using default string since no string found in i18n bundle that has the key: No Schema Validation
2023-01-31 10:36:44.766 [warning] Using default string since no string found in i18n bundle that has the key: no JSON schema configured
2023-01-31 10:36:44.766 [warning] Using default string since no string found in i18n bundle that has the key: Show Schemas
2023-01-31 10:36:46.037 [info] Extension host terminating: received terminate message from renderer
2023-01-31 10:36:46.047 [info] Extension host with pid 2481 exiting with code 0
