2023-02-20 15:14:32.677 [info] Extension host with pid 6790 started
2023-02-20 15:14:32.677 [info] Skipping acquiring lock for /home/inkeaton/.config/VSCodium/User/workspaceStorage/9622a6efe2e990a3f8fe24aea4bb7cfc.
2023-02-20 15:14:32.853 [info] ExtensionService#_doActivateExtension vscode.emmet, startup: false, activationEvent: 'onLanguage'
2023-02-20 15:14:32.853 [info] ExtensionService#_doActivateExtension ocamllabs.ocaml-platform, startup: false, activationEvent: 'onLanguage:ocaml'
2023-02-20 15:14:32.853 [info] ExtensionService#_doActivateExtension vscode.git-base, startup: true, activationEvent: '*', root cause: vscode.git
2023-02-20 15:14:32.854 [info] ExtensionService#_doActivateExtension naumovs.color-highlight, startup: true, activationEvent: '*'
2023-02-20 15:14:33.626 [info] ExtensionService#_doActivateExtension vscode.git, startup: true, activationEvent: '*'
2023-02-20 15:14:33.627 [info] ExtensionService#_doActivateExtension vscode.github, startup: true, activationEvent: '*'
2023-02-20 15:14:34.054 [info] Eager extensions activated
2023-02-20 15:14:34.128 [info] ExtensionService#_doActivateExtension vscode.debug-auto-launch, startup: false, activationEvent: 'onStartupFinished'
2023-02-20 15:14:34.129 [info] ExtensionService#_doActivateExtension vscode.merge-conflict, startup: false, activationEvent: 'onStartupFinished'
2023-02-20 15:14:34.129 [info] ExtensionService#_doActivateExtension equinusocio.vsc-material-theme-icons, startup: false, activationEvent: 'onStartupFinished'
2023-02-20 15:18:44.321 [warning] ocamllabs.ocaml-platform - Code actions of kind 'quickfix 'requested but returned code action is of kind 'switch'. Code action will be dropped. Please check 'CodeActionContext.only' to only return requested code actions.
2023-02-20 15:18:54.792 [warning] ocamllabs.ocaml-platform - Code actions of kind 'quickfix 'requested but returned code action is of kind 'switch'. Code action will be dropped. Please check 'CodeActionContext.only' to only return requested code actions.
2023-02-20 15:18:55.394 [warning] ocamllabs.ocaml-platform - Code actions of kind 'quickfix 'requested but returned code action is of kind 'switch'. Code action will be dropped. Please check 'CodeActionContext.only' to only return requested code actions.
2023-02-20 15:19:35.670 [warning] ocamllabs.ocaml-platform - Code actions of kind 'quickfix 'requested but returned code action is of kind 'switch'. Code action will be dropped. Please check 'CodeActionContext.only' to only return requested code actions.
2023-02-20 15:19:55.354 [warning] ocamllabs.ocaml-platform - Code actions of kind 'quickfix 'requested but returned code action is of kind 'switch'. Code action will be dropped. Please check 'CodeActionContext.only' to only return requested code actions.
2023-02-20 15:21:17.657 [warning] ocamllabs.ocaml-platform - Code actions of kind 'quickfix 'requested but returned code action is of kind 'switch'. Code action will be dropped. Please check 'CodeActionContext.only' to only return requested code actions.
2023-02-20 15:21:35.442 [warning] ocamllabs.ocaml-platform - Code actions of kind 'quickfix 'requested but returned code action is of kind 'switch'. Code action will be dropped. Please check 'CodeActionContext.only' to only return requested code actions.
2023-02-20 15:21:39.710 [warning] ocamllabs.ocaml-platform - Code actions of kind 'quickfix 'requested but returned code action is of kind 'switch'. Code action will be dropped. Please check 'CodeActionContext.only' to only return requested code actions.
2023-02-20 15:21:47.995 [warning] ocamllabs.ocaml-platform - Code actions of kind 'quickfix 'requested but returned code action is of kind 'switch'. Code action will be dropped. Please check 'CodeActionContext.only' to only return requested code actions.
2023-02-20 15:21:49.173 [warning] ocamllabs.ocaml-platform - Code actions of kind 'quickfix 'requested but returned code action is of kind 'switch'. Code action will be dropped. Please check 'CodeActionContext.only' to only return requested code actions.
2023-02-20 15:22:05.049 [warning] ocamllabs.ocaml-platform - Code actions of kind 'quickfix 'requested but returned code action is of kind 'switch'. Code action will be dropped. Please check 'CodeActionContext.only' to only return requested code actions.
2023-02-20 15:22:39.674 [warning] ocamllabs.ocaml-platform - Code actions of kind 'quickfix 'requested but returned code action is of kind 'switch'. Code action will be dropped. Please check 'CodeActionContext.only' to only return requested code actions.
2023-02-20 15:22:40.424 [warning] ocamllabs.ocaml-platform - Code actions of kind 'quickfix 'requested but returned code action is of kind 'switch'. Code action will be dropped. Please check 'CodeActionContext.only' to only return requested code actions.
2023-02-20 15:22:42.207 [warning] ocamllabs.ocaml-platform - Code actions of kind 'quickfix 'requested but returned code action is of kind 'switch'. Code action will be dropped. Please check 'CodeActionContext.only' to only return requested code actions.
2023-02-20 15:22:51.601 [warning] ocamllabs.ocaml-platform - Code actions of kind 'quickfix 'requested but returned code action is of kind 'switch'. Code action will be dropped. Please check 'CodeActionContext.only' to only return requested code actions.
2023-02-20 15:23:19.388 [warning] ocamllabs.ocaml-platform - Code actions of kind 'quickfix 'requested but returned code action is of kind 'switch'. Code action will be dropped. Please check 'CodeActionContext.only' to only return requested code actions.
2023-02-20 15:23:31.290 [warning] ocamllabs.ocaml-platform - Code actions of kind 'quickfix 'requested but returned code action is of kind 'switch'. Code action will be dropped. Please check 'CodeActionContext.only' to only return requested code actions.
2023-02-20 15:23:31.355 [warning] ocamllabs.ocaml-platform - Code actions of kind 'quickfix 'requested but returned code action is of kind 'switch'. Code action will be dropped. Please check 'CodeActionContext.only' to only return requested code actions.
2023-02-20 15:23:31.362 [warning] ocamllabs.ocaml-platform - Code actions of kind 'quickfix 'requested but returned code action is of kind 'switch'. Code action will be dropped. Please check 'CodeActionContext.only' to only return requested code actions.
2023-02-20 15:23:31.369 [warning] ocamllabs.ocaml-platform - Code actions of kind 'quickfix 'requested but returned code action is of kind 'switch'. Code action will be dropped. Please check 'CodeActionContext.only' to only return requested code actions.
2023-02-20 15:23:31.377 [warning] ocamllabs.ocaml-platform - Code actions of kind 'quickfix 'requested but returned code action is of kind 'switch'. Code action will be dropped. Please check 'CodeActionContext.only' to only return requested code actions.
2023-02-20 15:23:31.386 [warning] ocamllabs.ocaml-platform - Code actions of kind 'quickfix 'requested but returned code action is of kind 'switch'. Code action will be dropped. Please check 'CodeActionContext.only' to only return requested code actions.
2023-02-20 15:23:31.401 [warning] ocamllabs.ocaml-platform - Code actions of kind 'quickfix 'requested but returned code action is of kind 'switch'. Code action will be dropped. Please check 'CodeActionContext.only' to only return requested code actions.
2023-02-20 15:23:31.417 [warning] ocamllabs.ocaml-platform - Code actions of kind 'quickfix 'requested but returned code action is of kind 'switch'. Code action will be dropped. Please check 'CodeActionContext.only' to only return requested code actions.
2023-02-20 15:23:31.436 [warning] ocamllabs.ocaml-platform - Code actions of kind 'quickfix 'requested but returned code action is of kind 'switch'. Code action will be dropped. Please check 'CodeActionContext.only' to only return requested code actions.
2023-02-20 15:23:31.451 [warning] ocamllabs.ocaml-platform - Code actions of kind 'quickfix 'requested but returned code action is of kind 'switch'. Code action will be dropped. Please check 'CodeActionContext.only' to only return requested code actions.
2023-02-20 15:23:31.464 [warning] ocamllabs.ocaml-platform - Code actions of kind 'quickfix 'requested but returned code action is of kind 'switch'. Code action will be dropped. Please check 'CodeActionContext.only' to only return requested code actions.
2023-02-20 15:23:31.473 [warning] ocamllabs.ocaml-platform - Code actions of kind 'quickfix 'requested but returned code action is of kind 'switch'. Code action will be dropped. Please check 'CodeActionContext.only' to only return requested code actions.
2023-02-20 15:23:31.487 [warning] ocamllabs.ocaml-platform - Code actions of kind 'quickfix 'requested but returned code action is of kind 'switch'. Code action will be dropped. Please check 'CodeActionContext.only' to only return requested code actions.
2023-02-20 15:23:31.497 [warning] ocamllabs.ocaml-platform - Code actions of kind 'quickfix 'requested but returned code action is of kind 'switch'. Code action will be dropped. Please check 'CodeActionContext.only' to only return requested code actions.
2023-02-20 15:26:20.043 [warning] ocamllabs.ocaml-platform - Code actions of kind 'quickfix 'requested but returned code action is of kind 'switch'. Code action will be dropped. Please check 'CodeActionContext.only' to only return requested code actions.
2023-02-20 15:44:36.047 [info] Extension host terminating: received terminate message from renderer
2023-02-20 15:44:36.065 [info] Extension host with pid 6790 exiting with code 0
