2023-02-19 17:51:21.710 [info] Livello log: Info
2023-02-19 17:51:21.710 [info] Convalida del GitT trovato in: "git"
2023-02-19 17:51:21.710 [info] Uso di Git "2.39.1" da "git"
2023-02-19 17:51:21.710 [info] > git rev-parse --show-toplevel [6ms]
2023-02-19 17:51:21.710 [info] fatal: not a git repository (or any parent up to mount point /)
Stopping at filesystem boundary (GIT_DISCOVERY_ACROSS_FILESYSTEM not set).
2023-02-19 17:51:21.710 [info] > git rev-parse --show-toplevel [1ms]
2023-02-19 17:51:21.710 [info] fatal: not a git repository (or any parent up to mount point /)
Stopping at filesystem boundary (GIT_DISCOVERY_ACROSS_FILESYSTEM not set).
2023-02-19 17:51:22.041 [info] > git rev-parse --show-toplevel [1ms]
2023-02-19 17:51:22.041 [info] fatal: not a git repository (or any parent up to mount point /)
Stopping at filesystem boundary (GIT_DISCOVERY_ACROSS_FILESYSTEM not set).
2023-02-19 17:51:26.712 [info] > git rev-parse --show-toplevel [2ms]
2023-02-19 17:51:26.712 [info] fatal: not a git repository (or any parent up to mount point /)
Stopping at filesystem boundary (GIT_DISCOVERY_ACROSS_FILESYSTEM not set).
2023-02-19 17:57:32.901 [info] > git rev-parse --show-toplevel [4ms]
2023-02-19 17:57:32.901 [info] fatal: not a git repository (or any parent up to mount point /)
Stopping at filesystem boundary (GIT_DISCOVERY_ACROSS_FILESYSTEM not set).
2023-02-19 17:57:36.336 [info] > git rev-parse --show-toplevel [1ms]
2023-02-19 17:57:36.336 [info] fatal: not a git repository (or any parent up to mount point /)
Stopping at filesystem boundary (GIT_DISCOVERY_ACROSS_FILESYSTEM not set).
2023-02-19 17:57:45.239 [info] > git rev-parse --show-toplevel [2ms]
2023-02-19 17:57:45.240 [info] fatal: not a git repository (or any parent up to mount point /)
Stopping at filesystem boundary (GIT_DISCOVERY_ACROSS_FILESYSTEM not set).
2023-02-19 17:57:55.194 [info] > git rev-parse --show-toplevel [1ms]
2023-02-19 17:57:55.194 [info] fatal: not a git repository (or any parent up to mount point /)
Stopping at filesystem boundary (GIT_DISCOVERY_ACROSS_FILESYSTEM not set).
