2023-01-30 10:42:01.533 [info] Extension host with pid 3136 started
2023-01-30 10:42:01.561 [info] ExtensionService#_doActivateExtension vscode.git-base, startup: true, activationEvent: '*'
2023-01-30 10:42:01.574 [info] ExtensionService#_doActivateExtension vscode.github, startup: true, activationEvent: '*'
2023-01-30 10:42:01.603 [info] Eager extensions activated
2023-01-30 10:42:01.605 [info] ExtensionService#_doActivateExtension vscode.debug-auto-launch, startup: false, activationEvent: 'onStartupFinished'
2023-01-30 10:42:01.605 [info] ExtensionService#_doActivateExtension vscode.emmet, startup: false, activationEvent: 'onStartupFinished'
2023-01-30 10:42:01.605 [info] ExtensionService#_doActivateExtension vscode.merge-conflict, startup: false, activationEvent: 'onStartupFinished'
2023-01-30 10:42:01.605 [info] ExtensionService#_doActivateExtension PKief.material-icon-theme, startup: false, activationEvent: 'onStartupFinished'
2023-01-30 10:43:03.097 [info] ExtensionService#_doActivateExtension vscode.npm, startup: false, activationEvent: 'onLanguage:properties'
2023-01-30 10:43:33.042 [info] ExtensionService#_doActivateExtension vscode.configuration-editing, startup: false, activationEvent: 'onLanguage:jsonc'
2023-01-30 10:43:33.043 [info] ExtensionService#_doActivateExtension vscode.json-language-features, startup: false, activationEvent: 'onLanguage:jsonc'
2023-01-30 10:43:33.043 [info] ExtensionService#_doActivateExtension vscode.typescript-language-features, startup: false, activationEvent: 'onLanguage:jsonc'
2023-01-30 10:43:33.077 [warning] Using default string since no string found in i18n bundle that has the key: Configure
2023-01-30 10:43:33.077 [warning] Using default string since no string found in i18n bundle that has the key: JSON Language Server
2023-01-30 10:43:33.122 [warning] Using default string since no string found in i18n bundle that has the key: JSON: Schema Resolution Error
2023-01-30 10:43:33.288 [warning] Using default string since no string found in i18n bundle that has the key: Unable to resolve schema. Click to retry.
2023-01-30 10:43:33.288 [warning] Using default string since no string found in i18n bundle that has the key: JSON Validation Status
2023-01-30 10:43:33.288 [warning] Using default string since no string found in i18n bundle that has the key: Unable to compute used schemas: No document
2023-01-30 10:44:02.618 [info] Extension host terminating: received terminate message from renderer
2023-01-30 10:44:02.632 [info] Extension host with pid 3136 exiting with code 0
