2023-02-19 15:16:31.283 [warning] Via 'product.json#extensionEnabledApiProposals' extension 'ms-python.python' wants API proposal 'telemetryLogger' but that proposal DOES NOT EXIST. Likely, the proposal has been finalized (check 'vscode.d.ts') or was abandoned.
2023-02-19 15:16:31.297 [warning] Via 'product.json#extensionEnabledApiProposals' extension 'github.vscode-pull-request-github' wants API proposal 'commentsResolvedState' but that proposal DOES NOT EXIST. Likely, the proposal has been finalized (check 'vscode.d.ts') or was abandoned.
2023-02-19 15:16:35.015 [info] [perf] Render performance baseline is 38ms
2023-02-19 15:39:42.764 [error] Request "Jump to definition" failed.: Error: Request "Jump to definition" failed.
	at handleResponse (/home/inkeaton/.vscode-oss/extensions/ocamllabs.ocaml-platform-1.12.2/dist/vscode_ocaml_platform.bc.js:4:422)
	at processMessageQueue (/home/inkeaton/.vscode-oss/extensions/ocamllabs.ocaml-platform-1.12.2/dist/vscode_ocaml_platform.bc.js:3:11811)
	at Immediate.<anonymous> (/home/inkeaton/.vscode-oss/extensions/ocamllabs.ocaml-platform-1.12.2/dist/vscode_ocaml_platform.bc.js:3:11509)
	at process.processImmediate (node:internal/timers:466:21)
2023-02-19 15:40:34.280 [error] Request "Jump to definition" failed.: Error: Request "Jump to definition" failed.
	at handleResponse (/home/inkeaton/.vscode-oss/extensions/ocamllabs.ocaml-platform-1.12.2/dist/vscode_ocaml_platform.bc.js:4:422)
	at processMessageQueue (/home/inkeaton/.vscode-oss/extensions/ocamllabs.ocaml-platform-1.12.2/dist/vscode_ocaml_platform.bc.js:3:11811)
	at Immediate.<anonymous> (/home/inkeaton/.vscode-oss/extensions/ocamllabs.ocaml-platform-1.12.2/dist/vscode_ocaml_platform.bc.js:3:11509)
	at process.processImmediate (node:internal/timers:466:21)
2023-02-19 15:45:34.373 [error] Request "Jump to definition" failed.: Error: Request "Jump to definition" failed.
	at handleResponse (/home/inkeaton/.vscode-oss/extensions/ocamllabs.ocaml-platform-1.12.2/dist/vscode_ocaml_platform.bc.js:4:422)
	at processMessageQueue (/home/inkeaton/.vscode-oss/extensions/ocamllabs.ocaml-platform-1.12.2/dist/vscode_ocaml_platform.bc.js:3:11811)
	at Immediate.<anonymous> (/home/inkeaton/.vscode-oss/extensions/ocamllabs.ocaml-platform-1.12.2/dist/vscode_ocaml_platform.bc.js:3:11509)
	at process.processImmediate (node:internal/timers:466:21)
2023-02-19 15:46:08.619 [error] Request "Jump to definition" failed.: Error: Request "Jump to definition" failed.
	at handleResponse (/home/inkeaton/.vscode-oss/extensions/ocamllabs.ocaml-platform-1.12.2/dist/vscode_ocaml_platform.bc.js:4:422)
	at processMessageQueue (/home/inkeaton/.vscode-oss/extensions/ocamllabs.ocaml-platform-1.12.2/dist/vscode_ocaml_platform.bc.js:3:11811)
	at Immediate.<anonymous> (/home/inkeaton/.vscode-oss/extensions/ocamllabs.ocaml-platform-1.12.2/dist/vscode_ocaml_platform.bc.js:3:11509)
	at process.processImmediate (node:internal/timers:466:21)
2023-02-19 15:46:09.993 [error] Request "Jump to definition" failed.: Error: Request "Jump to definition" failed.
	at handleResponse (/home/inkeaton/.vscode-oss/extensions/ocamllabs.ocaml-platform-1.12.2/dist/vscode_ocaml_platform.bc.js:4:422)
	at processMessageQueue (/home/inkeaton/.vscode-oss/extensions/ocamllabs.ocaml-platform-1.12.2/dist/vscode_ocaml_platform.bc.js:3:11811)
	at Immediate.<anonymous> (/home/inkeaton/.vscode-oss/extensions/ocamllabs.ocaml-platform-1.12.2/dist/vscode_ocaml_platform.bc.js:3:11509)
	at process.processImmediate (node:internal/timers:466:21)
2023-02-19 16:02:36.177 [error] Request "Jump to definition" failed.: Error: Request "Jump to definition" failed.
	at handleResponse (/home/inkeaton/.vscode-oss/extensions/ocamllabs.ocaml-platform-1.12.2/dist/vscode_ocaml_platform.bc.js:4:422)
	at processMessageQueue (/home/inkeaton/.vscode-oss/extensions/ocamllabs.ocaml-platform-1.12.2/dist/vscode_ocaml_platform.bc.js:3:11811)
	at Immediate.<anonymous> (/home/inkeaton/.vscode-oss/extensions/ocamllabs.ocaml-platform-1.12.2/dist/vscode_ocaml_platform.bc.js:3:11509)
	at process.processImmediate (node:internal/timers:466:21)
2023-02-19 16:05:19.883 [error] Request "Jump to definition" failed.: Error: Request "Jump to definition" failed.
	at handleResponse (/home/inkeaton/.vscode-oss/extensions/ocamllabs.ocaml-platform-1.12.2/dist/vscode_ocaml_platform.bc.js:4:422)
	at processMessageQueue (/home/inkeaton/.vscode-oss/extensions/ocamllabs.ocaml-platform-1.12.2/dist/vscode_ocaml_platform.bc.js:3:11811)
	at Immediate.<anonymous> (/home/inkeaton/.vscode-oss/extensions/ocamllabs.ocaml-platform-1.12.2/dist/vscode_ocaml_platform.bc.js:3:11509)
	at process.processImmediate (node:internal/timers:466:21)
2023-02-19 16:05:21.949 [error] Request "Jump to definition" failed.: Error: Request "Jump to definition" failed.
	at handleResponse (/home/inkeaton/.vscode-oss/extensions/ocamllabs.ocaml-platform-1.12.2/dist/vscode_ocaml_platform.bc.js:4:422)
	at processMessageQueue (/home/inkeaton/.vscode-oss/extensions/ocamllabs.ocaml-platform-1.12.2/dist/vscode_ocaml_platform.bc.js:3:11811)
	at Immediate.<anonymous> (/home/inkeaton/.vscode-oss/extensions/ocamllabs.ocaml-platform-1.12.2/dist/vscode_ocaml_platform.bc.js:3:11509)
	at process.processImmediate (node:internal/timers:466:21)
2023-02-19 16:06:45.593 [error] Request "Jump to definition" failed.: Error: Request "Jump to definition" failed.
	at handleResponse (/home/inkeaton/.vscode-oss/extensions/ocamllabs.ocaml-platform-1.12.2/dist/vscode_ocaml_platform.bc.js:4:422)
	at processMessageQueue (/home/inkeaton/.vscode-oss/extensions/ocamllabs.ocaml-platform-1.12.2/dist/vscode_ocaml_platform.bc.js:3:11811)
	at Immediate.<anonymous> (/home/inkeaton/.vscode-oss/extensions/ocamllabs.ocaml-platform-1.12.2/dist/vscode_ocaml_platform.bc.js:3:11509)
	at process.processImmediate (node:internal/timers:466:21)
2023-02-19 16:18:48.783 [error] Request "Jump to definition" failed.: Error: Request "Jump to definition" failed.
	at handleResponse (/home/inkeaton/.vscode-oss/extensions/ocamllabs.ocaml-platform-1.12.2/dist/vscode_ocaml_platform.bc.js:4:422)
	at processMessageQueue (/home/inkeaton/.vscode-oss/extensions/ocamllabs.ocaml-platform-1.12.2/dist/vscode_ocaml_platform.bc.js:3:11811)
	at Immediate.<anonymous> (/home/inkeaton/.vscode-oss/extensions/ocamllabs.ocaml-platform-1.12.2/dist/vscode_ocaml_platform.bc.js:3:11509)
	at process.processImmediate (node:internal/timers:466:21)
2023-02-19 16:18:50.153 [error] Request "Jump to definition" failed.: Error: Request "Jump to definition" failed.
	at handleResponse (/home/inkeaton/.vscode-oss/extensions/ocamllabs.ocaml-platform-1.12.2/dist/vscode_ocaml_platform.bc.js:4:422)
	at processMessageQueue (/home/inkeaton/.vscode-oss/extensions/ocamllabs.ocaml-platform-1.12.2/dist/vscode_ocaml_platform.bc.js:3:11811)
	at Immediate.<anonymous> (/home/inkeaton/.vscode-oss/extensions/ocamllabs.ocaml-platform-1.12.2/dist/vscode_ocaml_platform.bc.js:3:11509)
	at process.processImmediate (node:internal/timers:466:21)
2023-02-19 16:20:37.141 [error] uncaught exception: Error: uncaught exception
	at handleResponse (/home/inkeaton/.vscode-oss/extensions/ocamllabs.ocaml-platform-1.12.2/dist/vscode_ocaml_platform.bc.js:4:422)
	at processMessageQueue (/home/inkeaton/.vscode-oss/extensions/ocamllabs.ocaml-platform-1.12.2/dist/vscode_ocaml_platform.bc.js:3:11811)
	at Immediate.<anonymous> (/home/inkeaton/.vscode-oss/extensions/ocamllabs.ocaml-platform-1.12.2/dist/vscode_ocaml_platform.bc.js:3:11509)
	at process.processImmediate (node:internal/timers:466:21)
2023-02-19 16:22:08.151 [error] Request "Jump to definition" failed.: Error: Request "Jump to definition" failed.
	at handleResponse (/home/inkeaton/.vscode-oss/extensions/ocamllabs.ocaml-platform-1.12.2/dist/vscode_ocaml_platform.bc.js:4:422)
	at processMessageQueue (/home/inkeaton/.vscode-oss/extensions/ocamllabs.ocaml-platform-1.12.2/dist/vscode_ocaml_platform.bc.js:3:11811)
	at Immediate.<anonymous> (/home/inkeaton/.vscode-oss/extensions/ocamllabs.ocaml-platform-1.12.2/dist/vscode_ocaml_platform.bc.js:3:11509)
	at process.processImmediate (node:internal/timers:466:21)
