2023-01-31 10:38:07.160 [info] Livello log: Info
2023-01-31 10:38:07.161 [info] Convalida del GitT trovato in: "git"
2023-01-31 10:38:07.161 [info] Uso di Git "2.39.1" da "git"
2023-01-31 10:38:07.161 [info] > git rev-parse --show-toplevel [9ms]
2023-01-31 10:38:07.161 [info] fatal: not a git repository (or any parent up to mount point /)
Stopping at filesystem boundary (GIT_DISCOVERY_ACROSS_FILESYSTEM not set).
2023-01-31 10:38:07.161 [info] > git rev-parse --show-toplevel [1ms]
2023-01-31 10:38:07.161 [info] fatal: not a git repository (or any parent up to mount point /)
Stopping at filesystem boundary (GIT_DISCOVERY_ACROSS_FILESYSTEM not set).
2023-01-31 10:38:07.161 [info] > git rev-parse --show-toplevel [2ms]
2023-01-31 10:38:07.161 [info] fatal: not a git repository (or any parent up to mount point /)
Stopping at filesystem boundary (GIT_DISCOVERY_ACROSS_FILESYSTEM not set).
2023-01-31 10:38:07.161 [info] > git rev-parse --show-toplevel [1ms]
2023-01-31 10:38:07.161 [info] fatal: not a git repository (or any parent up to mount point /)
Stopping at filesystem boundary (GIT_DISCOVERY_ACROSS_FILESYSTEM not set).
2023-01-31 10:38:07.161 [info] > git rev-parse --show-toplevel [0ms]
2023-01-31 10:38:07.161 [info] fatal: not a git repository (or any parent up to mount point /)
Stopping at filesystem boundary (GIT_DISCOVERY_ACROSS_FILESYSTEM not set).
2023-01-31 10:38:07.162 [info] > git rev-parse --show-toplevel [13ms]
2023-01-31 10:38:07.162 [info] fatal: not a git repository (or any parent up to mount point /)
Stopping at filesystem boundary (GIT_DISCOVERY_ACROSS_FILESYSTEM not set).
2023-01-31 10:38:07.180 [info] > git rev-parse --show-toplevel [10ms]
2023-01-31 10:38:07.180 [info] fatal: not a git repository (or any parent up to mount point /)
Stopping at filesystem boundary (GIT_DISCOVERY_ACROSS_FILESYSTEM not set).
2023-01-31 10:38:07.189 [info] > git rev-parse --show-toplevel [3ms]
2023-01-31 10:38:07.190 [info] fatal: not a git repository (or any parent up to mount point /)
Stopping at filesystem boundary (GIT_DISCOVERY_ACROSS_FILESYSTEM not set).
2023-01-31 10:38:07.200 [info] > git rev-parse --show-toplevel [2ms]
2023-01-31 10:38:07.200 [info] fatal: not a git repository (or any parent up to mount point /)
Stopping at filesystem boundary (GIT_DISCOVERY_ACROSS_FILESYSTEM not set).
2023-01-31 10:38:07.204 [info] > git rev-parse --show-toplevel [0ms]
2023-01-31 10:38:07.205 [info] fatal: not a git repository (or any parent up to mount point /)
Stopping at filesystem boundary (GIT_DISCOVERY_ACROSS_FILESYSTEM not set).
2023-01-31 10:38:07.214 [info] > git rev-parse --show-toplevel [1ms]
2023-01-31 10:38:07.214 [info] fatal: not a git repository (or any parent up to mount point /)
Stopping at filesystem boundary (GIT_DISCOVERY_ACROSS_FILESYSTEM not set).
2023-01-31 10:38:07.225 [info] > git rev-parse --show-toplevel [1ms]
2023-01-31 10:38:07.225 [info] fatal: not a git repository (or any parent up to mount point /)
Stopping at filesystem boundary (GIT_DISCOVERY_ACROSS_FILESYSTEM not set).
2023-01-31 10:38:07.244 [info] > git rev-parse --show-toplevel [10ms]
2023-01-31 10:38:07.244 [info] fatal: not a git repository (or any parent up to mount point /)
Stopping at filesystem boundary (GIT_DISCOVERY_ACROSS_FILESYSTEM not set).
2023-01-31 10:38:07.247 [info] > git rev-parse --show-toplevel [0ms]
2023-01-31 10:38:07.247 [info] fatal: not a git repository (or any parent up to mount point /)
Stopping at filesystem boundary (GIT_DISCOVERY_ACROSS_FILESYSTEM not set).
2023-01-31 10:38:07.253 [info] > git rev-parse --show-toplevel [2ms]
2023-01-31 10:38:07.253 [info] fatal: not a git repository (or any parent up to mount point /)
Stopping at filesystem boundary (GIT_DISCOVERY_ACROSS_FILESYSTEM not set).
2023-01-31 10:38:07.260 [info] > git rev-parse --show-toplevel [1ms]
2023-01-31 10:38:07.260 [info] fatal: not a git repository (or any parent up to mount point /)
Stopping at filesystem boundary (GIT_DISCOVERY_ACROSS_FILESYSTEM not set).
2023-01-31 10:38:07.269 [info] > git rev-parse --show-toplevel [2ms]
2023-01-31 10:38:07.270 [info] fatal: not a git repository (or any parent up to mount point /)
Stopping at filesystem boundary (GIT_DISCOVERY_ACROSS_FILESYSTEM not set).
2023-01-31 10:38:07.278 [info] > git rev-parse --show-toplevel [0ms]
2023-01-31 10:38:07.278 [info] fatal: not a git repository (or any parent up to mount point /)
Stopping at filesystem boundary (GIT_DISCOVERY_ACROSS_FILESYSTEM not set).
2023-01-31 10:38:07.286 [info] > git rev-parse --show-toplevel [2ms]
2023-01-31 10:38:07.286 [info] fatal: not a git repository (or any parent up to mount point /)
Stopping at filesystem boundary (GIT_DISCOVERY_ACROSS_FILESYSTEM not set).
2023-01-31 10:38:07.348 [info] > git rev-parse --show-toplevel [1ms]
2023-01-31 10:38:07.348 [info] fatal: not a git repository (or any parent up to mount point /)
Stopping at filesystem boundary (GIT_DISCOVERY_ACROSS_FILESYSTEM not set).
2023-01-31 10:38:24.105 [info] > git rev-parse --show-toplevel [1ms]
2023-01-31 10:38:24.105 [info] fatal: not a git repository (or any parent up to mount point /)
Stopping at filesystem boundary (GIT_DISCOVERY_ACROSS_FILESYSTEM not set).
2023-01-31 10:38:47.714 [info] > git rev-parse --show-toplevel [2ms]
2023-01-31 10:38:47.714 [info] fatal: not a git repository (or any parent up to mount point /)
Stopping at filesystem boundary (GIT_DISCOVERY_ACROSS_FILESYSTEM not set).
2023-01-31 10:39:13.944 [info] > git rev-parse --show-toplevel [1ms]
2023-01-31 10:39:13.944 [info] fatal: not a git repository (or any parent up to mount point /)
Stopping at filesystem boundary (GIT_DISCOVERY_ACROSS_FILESYSTEM not set).
2023-01-31 10:39:32.796 [info] > git rev-parse --show-toplevel [0ms]
2023-01-31 10:39:32.796 [info] fatal: not a git repository (or any parent up to mount point /)
Stopping at filesystem boundary (GIT_DISCOVERY_ACROSS_FILESYSTEM not set).
2023-01-31 10:39:33.919 [info] > git rev-parse --show-toplevel [3ms]
2023-01-31 10:39:33.919 [info] fatal: not a git repository (or any parent up to mount point /)
Stopping at filesystem boundary (GIT_DISCOVERY_ACROSS_FILESYSTEM not set).
2023-01-31 10:39:47.555 [info] > git rev-parse --show-toplevel [0ms]
2023-01-31 10:39:47.555 [info] fatal: not a git repository (or any parent up to mount point /)
Stopping at filesystem boundary (GIT_DISCOVERY_ACROSS_FILESYSTEM not set).
2023-01-31 10:39:51.097 [info] > git rev-parse --show-toplevel [1ms]
2023-01-31 10:39:51.098 [info] fatal: not a git repository (or any parent up to mount point /)
Stopping at filesystem boundary (GIT_DISCOVERY_ACROSS_FILESYSTEM not set).
2023-01-31 10:39:53.009 [info] > git rev-parse --show-toplevel [1ms]
2023-01-31 10:39:53.009 [info] fatal: not a git repository (or any parent up to mount point /)
Stopping at filesystem boundary (GIT_DISCOVERY_ACROSS_FILESYSTEM not set).
2023-01-31 10:40:03.047 [info] > git rev-parse --show-toplevel [1ms]
2023-01-31 10:40:03.047 [info] fatal: not a git repository (or any parent up to mount point /)
Stopping at filesystem boundary (GIT_DISCOVERY_ACROSS_FILESYSTEM not set).
2023-01-31 10:40:39.991 [info] > git rev-parse --show-toplevel [1ms]
2023-01-31 10:40:39.991 [info] fatal: not a git repository (or any parent up to mount point /)
Stopping at filesystem boundary (GIT_DISCOVERY_ACROSS_FILESYSTEM not set).
2023-01-31 10:40:41.220 [info] > git rev-parse --show-toplevel [3ms]
2023-01-31 10:40:41.220 [info] fatal: not a git repository (or any parent up to mount point /)
Stopping at filesystem boundary (GIT_DISCOVERY_ACROSS_FILESYSTEM not set).
2023-01-31 10:41:04.992 [info] > git rev-parse --show-toplevel [1ms]
2023-01-31 10:41:04.992 [info] fatal: not a git repository (or any parent up to mount point /)
Stopping at filesystem boundary (GIT_DISCOVERY_ACROSS_FILESYSTEM not set).
2023-01-31 10:41:37.659 [info] > git rev-parse --show-toplevel [2ms]
2023-01-31 10:41:37.659 [info] fatal: not a git repository (or any parent up to mount point /)
Stopping at filesystem boundary (GIT_DISCOVERY_ACROSS_FILESYSTEM not set).
2023-01-31 10:42:22.586 [info] > git rev-parse --show-toplevel [1ms]
2023-01-31 10:42:22.586 [info] fatal: not a git repository (or any parent up to mount point /)
Stopping at filesystem boundary (GIT_DISCOVERY_ACROSS_FILESYSTEM not set).
2023-01-31 10:42:32.231 [info] > git rev-parse --show-toplevel [1ms]
2023-01-31 10:42:32.231 [info] fatal: not a git repository (or any parent up to mount point /)
Stopping at filesystem boundary (GIT_DISCOVERY_ACROSS_FILESYSTEM not set).
2023-01-31 10:42:35.229 [info] > git rev-parse --show-toplevel [1ms]
2023-01-31 10:42:35.229 [info] fatal: not a git repository (or any parent up to mount point /)
Stopping at filesystem boundary (GIT_DISCOVERY_ACROSS_FILESYSTEM not set).
2023-01-31 10:42:52.319 [info] > git rev-parse --show-toplevel [1ms]
2023-01-31 10:42:52.319 [info] fatal: not a git repository (or any parent up to mount point /)
Stopping at filesystem boundary (GIT_DISCOVERY_ACROSS_FILESYSTEM not set).
