2023-01-31 09:47:32.425 [info] Added views:workbench.panel.markers.view in workbench.panel.markers
2023-01-31 09:47:32.425 [info] Added views:workbench.panel.output in workbench.panel.output
2023-01-31 09:47:32.425 [info] Added views:terminal in terminal
2023-01-31 09:47:32.425 [info] Added views:outline in workbench.view.explorer
2023-01-31 09:47:32.425 [info] Added views:workbench.scm in workbench.view.scm
2023-01-31 09:47:32.425 [info] Added views:workbench.view.search in workbench.view.search
2023-01-31 09:47:32.425 [info] Added views:timeline in workbench.view.explorer
2023-01-31 09:47:32.425 [info] Added views:workbench.explorer.fileView in workbench.view.explorer
2023-01-31 09:47:32.524 [info] Added views:workbench.debug.welcome in workbench.view.debug
2023-01-31 09:47:33.212 [info] Added views:workbench.panel.repl.view in workbench.panel.repl
2023-01-31 09:47:48.180 [info] Added views:workbench.panel.markers.view in workbench.panel.markers
2023-01-31 09:47:48.180 [info] Added views:workbench.panel.output in workbench.panel.output
2023-01-31 09:47:48.180 [info] Added views:terminal in terminal
2023-01-31 09:47:48.180 [info] Added views:outline in workbench.view.explorer
2023-01-31 09:47:48.180 [info] Added views:workbench.scm in workbench.view.scm
2023-01-31 09:47:48.180 [info] Added views:workbench.view.search in workbench.view.search
2023-01-31 09:47:48.180 [info] Added views:timeline in workbench.view.explorer
2023-01-31 09:47:48.180 [info] Added views:workbench.explorer.fileView in workbench.view.explorer
2023-01-31 09:47:48.180 [info] Added views:workbench.debug.variablesView,workbench.debug.watchExpressionsView,workbench.debug.callStackView,workbench.debug.breakPointsView in workbench.view.debug
2023-01-31 09:47:48.746 [info] Added views:workbench.panel.repl.view in workbench.panel.repl
2023-01-31 09:47:48.747 [info] Removed views:workbench.debug.breakPointsView,workbench.debug.callStackView,workbench.debug.watchExpressionsView,workbench.debug.variablesView from workbench.view.debug
2023-01-31 09:47:48.748 [info] Added views:workbench.debug.welcome in workbench.view.debug
2023-01-31 09:52:38.900 [info] Added views:workbench.views.extensions.installed,workbench.views.extensions.popular,extensions.recommendedList in workbench.view.extensions
2023-01-31 09:52:38.907 [info] Removed views:workbench.views.extensions.popular from workbench.view.extensions
2023-01-31 09:52:39.583 [info] Removed views:extensions.recommendedList,workbench.views.extensions.installed from workbench.view.extensions
2023-01-31 09:52:39.637 [info] Added views:workbench.views.extensions.marketplace in workbench.view.extensions
