2023-02-19 15:10:20.940 [info] Livello log: Info
2023-02-19 15:10:20.940 [info] Convalida del GitT trovato in: "git"
2023-02-19 15:10:20.940 [info] Uso di Git "2.39.1" da "git"
2023-02-19 15:10:20.940 [info] > git rev-parse --show-toplevel [49ms]
2023-02-19 15:10:20.940 [info] fatal: not a git repository (or any parent up to mount point /)
Stopping at filesystem boundary (GIT_DISCOVERY_ACROSS_FILESYSTEM not set).
2023-02-19 15:10:20.950 [info] > git rev-parse --show-toplevel [12ms]
2023-02-19 15:10:20.950 [info] fatal: not a git repository (or any parent up to mount point /)
Stopping at filesystem boundary (GIT_DISCOVERY_ACROSS_FILESYSTEM not set).
2023-02-19 15:10:20.958 [info] > git rev-parse --show-toplevel [1ms]
2023-02-19 15:10:20.958 [info] fatal: not a git repository (or any parent up to mount point /)
Stopping at filesystem boundary (GIT_DISCOVERY_ACROSS_FILESYSTEM not set).
2023-02-19 15:10:39.178 [info] > git rev-parse --show-toplevel [2ms]
2023-02-19 15:10:39.178 [info] fatal: not a git repository (or any parent up to mount point /)
Stopping at filesystem boundary (GIT_DISCOVERY_ACROSS_FILESYSTEM not set).
2023-02-19 15:11:09.466 [info] > git rev-parse --show-toplevel [7ms]
2023-02-19 15:11:09.466 [info] fatal: not a git repository (or any parent up to mount point /)
Stopping at filesystem boundary (GIT_DISCOVERY_ACROSS_FILESYSTEM not set).
2023-02-19 15:11:32.146 [info] > git rev-parse --show-toplevel [66ms]
2023-02-19 15:11:32.146 [info] fatal: not a git repository (or any parent up to mount point /)
Stopping at filesystem boundary (GIT_DISCOVERY_ACROSS_FILESYSTEM not set).
