2023-02-19 17:51:20.135 [info] Extension host with pid 3056 started
2023-02-19 17:51:20.136 [info] Skipping acquiring lock for /home/inkeaton/.config/VSCodium/User/workspaceStorage/9622a6efe2e990a3f8fe24aea4bb7cfc.
2023-02-19 17:51:20.551 [info] ExtensionService#_doActivateExtension vscode.emmet, startup: false, activationEvent: 'onLanguage'
2023-02-19 17:51:20.551 [info] ExtensionService#_doActivateExtension ocamllabs.ocaml-platform, startup: false, activationEvent: 'onLanguage:ocaml'
2023-02-19 17:51:20.552 [info] ExtensionService#_doActivateExtension vscode.git-base, startup: true, activationEvent: '*', root cause: vscode.git
2023-02-19 17:51:20.552 [info] ExtensionService#_doActivateExtension naumovs.color-highlight, startup: true, activationEvent: '*'
2023-02-19 17:51:20.973 [info] ExtensionService#_doActivateExtension vscode.git, startup: true, activationEvent: '*'
2023-02-19 17:51:20.973 [info] ExtensionService#_doActivateExtension vscode.github, startup: true, activationEvent: '*'
2023-02-19 17:51:21.195 [info] Eager extensions activated
2023-02-19 17:51:21.213 [info] ExtensionService#_doActivateExtension vscode.debug-auto-launch, startup: false, activationEvent: 'onStartupFinished'
2023-02-19 17:51:21.214 [info] ExtensionService#_doActivateExtension vscode.merge-conflict, startup: false, activationEvent: 'onStartupFinished'
2023-02-19 17:51:21.214 [info] ExtensionService#_doActivateExtension equinusocio.vsc-material-theme-icons, startup: false, activationEvent: 'onStartupFinished'
2023-02-19 17:51:42.047 [error] [ocamllabs.ocaml-platform] provider FAILED
2023-02-19 17:51:42.056 [error] Error: uncaught exception
	at handleResponse (/home/inkeaton/.vscode-oss/extensions/ocamllabs.ocaml-platform-1.12.2/dist/vscode_ocaml_platform.bc.js:4:422)
	at processMessageQueue (/home/inkeaton/.vscode-oss/extensions/ocamllabs.ocaml-platform-1.12.2/dist/vscode_ocaml_platform.bc.js:3:11811)
	at Immediate.<anonymous> (/home/inkeaton/.vscode-oss/extensions/ocamllabs.ocaml-platform-1.12.2/dist/vscode_ocaml_platform.bc.js:3:11509)
	at process.processImmediate (node:internal/timers:466:21)
2023-02-19 17:52:53.878 [warning] ocamllabs.ocaml-platform - Code actions of kind 'quickfix 'requested but returned code action is of kind 'switch'. Code action will be dropped. Please check 'CodeActionContext.only' to only return requested code actions.
2023-02-19 17:57:08.556 [error] [ocamllabs.ocaml-platform] provider FAILED
2023-02-19 17:57:08.556 [error] Error: Request "Jump to definition" failed.
	at handleResponse (/home/inkeaton/.vscode-oss/extensions/ocamllabs.ocaml-platform-1.12.2/dist/vscode_ocaml_platform.bc.js:4:422)
	at processMessageQueue (/home/inkeaton/.vscode-oss/extensions/ocamllabs.ocaml-platform-1.12.2/dist/vscode_ocaml_platform.bc.js:3:11811)
	at Immediate.<anonymous> (/home/inkeaton/.vscode-oss/extensions/ocamllabs.ocaml-platform-1.12.2/dist/vscode_ocaml_platform.bc.js:3:11509)
	at process.processImmediate (node:internal/timers:466:21)
2023-02-19 17:58:01.125 [info] Extension host terminating: received terminate message from renderer
2023-02-19 17:58:01.153 [info] Extension host with pid 3056 exiting with code 0
