2023-01-31 10:38:06.559 [info] Extension host with pid 3297 started
2023-01-31 10:38:06.559 [info] Skipping acquiring lock for /home/inkeaton/.config/VSCodium/User/workspaceStorage/8c28cae6c80c4b832707c291445870b3.
2023-01-31 10:38:06.786 [info] ExtensionService#_doActivateExtension vscode.git-base, startup: true, activationEvent: '*', root cause: vscode.git
2023-01-31 10:38:06.981 [info] ExtensionService#_doActivateExtension vscode.git, startup: true, activationEvent: '*'
2023-01-31 10:38:06.981 [info] ExtensionService#_doActivateExtension vscode.github, startup: true, activationEvent: '*'
2023-01-31 10:38:07.087 [info] Eager extensions activated
2023-01-31 10:38:07.154 [info] ExtensionService#_doActivateExtension vscode.debug-auto-launch, startup: false, activationEvent: 'onStartupFinished'
2023-01-31 10:38:07.154 [info] ExtensionService#_doActivateExtension vscode.emmet, startup: false, activationEvent: 'onStartupFinished'
2023-01-31 10:38:07.154 [info] ExtensionService#_doActivateExtension vscode.merge-conflict, startup: false, activationEvent: 'onStartupFinished'
2023-01-31 10:38:07.154 [info] ExtensionService#_doActivateExtension PKief.material-icon-theme, startup: false, activationEvent: 'onStartupFinished'
2023-01-31 10:38:24.116 [info] ExtensionService#_doActivateExtension vscode.configuration-editing, startup: false, activationEvent: 'onLanguage:jsonc'
2023-01-31 10:38:24.116 [info] ExtensionService#_doActivateExtension vscode.json-language-features, startup: false, activationEvent: 'onLanguage:jsonc'
2023-01-31 10:38:24.117 [info] ExtensionService#_doActivateExtension vscode.typescript-language-features, startup: false, activationEvent: 'onLanguage:jsonc'
2023-01-31 10:38:24.197 [warning] Using default string since no string found in i18n bundle that has the key: Configure
2023-01-31 10:38:24.197 [warning] Using default string since no string found in i18n bundle that has the key: JSON Language Server
2023-01-31 10:38:24.233 [warning] Using default string since no string found in i18n bundle that has the key: JSON: Schema Resolution Error
2023-01-31 10:38:24.363 [warning] Using default string since no string found in i18n bundle that has the key: Unable to resolve schema. Click to retry.
2023-01-31 10:38:24.363 [warning] Using default string since no string found in i18n bundle that has the key: JSON Validation Status
2023-01-31 10:38:24.363 [warning] Using default string since no string found in i18n bundle that has the key: Loading JSON info
2023-01-31 10:38:24.370 [warning] Using default string since no string found in i18n bundle that has the key: Schema Validated
2023-01-31 10:38:24.370 [warning] Using default string since no string found in i18n bundle that has the key: JSON schema configured
2023-01-31 10:38:24.371 [warning] Using default string since no string found in i18n bundle that has the key: Show Schemas
2023-01-31 10:38:47.707 [warning] Using default string since no string found in i18n bundle that has the key: Unable to compute used schemas: No document
2023-01-31 10:38:47.708 [warning] Using default string since no string found in i18n bundle that has the key: Loading JSON info
2023-01-31 10:38:47.713 [warning] Using default string since no string found in i18n bundle that has the key: No Schema Validation
2023-01-31 10:38:47.713 [warning] Using default string since no string found in i18n bundle that has the key: no JSON schema configured
2023-01-31 10:38:47.713 [warning] Using default string since no string found in i18n bundle that has the key: Show Schemas
2023-01-31 10:38:57.636 [warning] Using default string since no string found in i18n bundle that has the key: Unable to compute used schemas: No document
2023-01-31 10:38:57.652 [warning] Using default string since no string found in i18n bundle that has the key: Loading JSON info
2023-01-31 10:38:57.687 [warning] Using default string since no string found in i18n bundle that has the key: Schema Validated
2023-01-31 10:38:57.687 [warning] Using default string since no string found in i18n bundle that has the key: JSON schema configured
2023-01-31 10:38:57.687 [warning] Using default string since no string found in i18n bundle that has the key: Show Schemas
2023-01-31 10:39:13.925 [warning] Using default string since no string found in i18n bundle that has the key: Unable to compute used schemas: No document
2023-01-31 10:39:13.925 [warning] Using default string since no string found in i18n bundle that has the key: Loading JSON info
2023-01-31 10:39:13.943 [warning] Using default string since no string found in i18n bundle that has the key: No Schema Validation
2023-01-31 10:39:13.943 [warning] Using default string since no string found in i18n bundle that has the key: no JSON schema configured
2023-01-31 10:39:13.943 [warning] Using default string since no string found in i18n bundle that has the key: Show Schemas
2023-01-31 10:39:23.373 [warning] Using default string since no string found in i18n bundle that has the key: Unable to compute used schemas: No document
2023-01-31 10:39:23.404 [warning] Using default string since no string found in i18n bundle that has the key: Loading JSON info
2023-01-31 10:39:23.406 [warning] Using default string since no string found in i18n bundle that has the key: Schema Validated
2023-01-31 10:39:23.406 [warning] Using default string since no string found in i18n bundle that has the key: JSON schema configured
2023-01-31 10:39:23.406 [warning] Using default string since no string found in i18n bundle that has the key: Show Schemas
2023-01-31 10:39:33.909 [warning] Using default string since no string found in i18n bundle that has the key: Unable to compute used schemas: No document
2023-01-31 10:39:33.911 [warning] Using default string since no string found in i18n bundle that has the key: Loading JSON info
2023-01-31 10:39:33.918 [warning] Using default string since no string found in i18n bundle that has the key: No Schema Validation
2023-01-31 10:39:33.918 [warning] Using default string since no string found in i18n bundle that has the key: no JSON schema configured
2023-01-31 10:39:33.918 [warning] Using default string since no string found in i18n bundle that has the key: Show Schemas
2023-01-31 10:39:37.121 [warning] Using default string since no string found in i18n bundle that has the key: Unable to compute used schemas: No document
2023-01-31 10:39:37.121 [warning] Using default string since no string found in i18n bundle that has the key: Loading JSON info
2023-01-31 10:39:37.123 [warning] Using default string since no string found in i18n bundle that has the key: Schema Validated
2023-01-31 10:39:37.123 [warning] Using default string since no string found in i18n bundle that has the key: JSON schema configured
2023-01-31 10:39:37.123 [warning] Using default string since no string found in i18n bundle that has the key: Show Schemas
2023-01-31 10:40:41.210 [warning] Using default string since no string found in i18n bundle that has the key: Unable to compute used schemas: No document
2023-01-31 10:40:41.210 [warning] Using default string since no string found in i18n bundle that has the key: Loading JSON info
2023-01-31 10:40:41.220 [warning] Using default string since no string found in i18n bundle that has the key: No Schema Validation
2023-01-31 10:40:41.220 [warning] Using default string since no string found in i18n bundle that has the key: no JSON schema configured
2023-01-31 10:40:41.220 [warning] Using default string since no string found in i18n bundle that has the key: Show Schemas
2023-01-31 10:40:49.743 [warning] Using default string since no string found in i18n bundle that has the key: Unable to compute used schemas: No document
2023-01-31 10:40:49.745 [warning] Using default string since no string found in i18n bundle that has the key: Loading JSON info
2023-01-31 10:40:49.747 [warning] Using default string since no string found in i18n bundle that has the key: Schema Validated
2023-01-31 10:40:49.747 [warning] Using default string since no string found in i18n bundle that has the key: JSON schema configured
2023-01-31 10:40:49.747 [warning] Using default string since no string found in i18n bundle that has the key: Show Schemas
2023-01-31 10:42:35.223 [warning] Using default string since no string found in i18n bundle that has the key: Unable to compute used schemas: No document
2023-01-31 10:42:35.224 [warning] Using default string since no string found in i18n bundle that has the key: Loading JSON info
2023-01-31 10:42:35.228 [warning] Using default string since no string found in i18n bundle that has the key: No Schema Validation
2023-01-31 10:42:35.228 [warning] Using default string since no string found in i18n bundle that has the key: no JSON schema configured
2023-01-31 10:42:35.228 [warning] Using default string since no string found in i18n bundle that has the key: Show Schemas
2023-01-31 10:42:38.243 [warning] Using default string since no string found in i18n bundle that has the key: Unable to compute used schemas: No document
2023-01-31 10:42:38.245 [warning] Using default string since no string found in i18n bundle that has the key: Loading JSON info
2023-01-31 10:42:38.247 [warning] Using default string since no string found in i18n bundle that has the key: Schema Validated
2023-01-31 10:42:38.247 [warning] Using default string since no string found in i18n bundle that has the key: JSON schema configured
2023-01-31 10:42:38.247 [warning] Using default string since no string found in i18n bundle that has the key: Show Schemas
2023-01-31 10:42:52.312 [warning] Using default string since no string found in i18n bundle that has the key: Unable to compute used schemas: No document
2023-01-31 10:42:52.313 [warning] Using default string since no string found in i18n bundle that has the key: Loading JSON info
2023-01-31 10:42:52.319 [warning] Using default string since no string found in i18n bundle that has the key: No Schema Validation
2023-01-31 10:42:52.319 [warning] Using default string since no string found in i18n bundle that has the key: no JSON schema configured
2023-01-31 10:42:52.319 [warning] Using default string since no string found in i18n bundle that has the key: Show Schemas
2023-01-31 10:43:00.754 [warning] Using default string since no string found in i18n bundle that has the key: Unable to compute used schemas: No document
2023-01-31 10:43:00.755 [warning] Using default string since no string found in i18n bundle that has the key: Loading JSON info
2023-01-31 10:43:00.758 [warning] Using default string since no string found in i18n bundle that has the key: Schema Validated
2023-01-31 10:43:00.758 [warning] Using default string since no string found in i18n bundle that has the key: JSON schema configured
2023-01-31 10:43:00.758 [warning] Using default string since no string found in i18n bundle that has the key: Show Schemas
2023-01-31 10:43:01.355 [warning] Using default string since no string found in i18n bundle that has the key: Unable to compute used schemas: No document
2023-01-31 10:43:02.864 [info] Extension host terminating: received terminate message from renderer
2023-01-31 10:43:02.875 [info] Extension host with pid 3297 exiting with code 0
