$ /usr/bin/opam --version
$ /usr/bin/opam --version
$ /usr/bin/opam --version
2.1.4

$ /usr/bin/opam var --global root
2.1.4
2.1.4

$ /usr/bin/opam var --global root

$ /usr/bin/opam var --global root
/home/inkeaton/.opam

/home/inkeaton/.opam

/home/inkeaton/.opam

$ /usr/bin/opam switch show --root /home/inkeaton/.opam
default

$ /usr/bin/opam switch show --root /home/inkeaton/.opam
default

$ /usr/bin/opam exec --switch=default --set-switch --root /home/inkeaton/.opam -- ocamlc --version
4.14.0

$ /usr/bin/opam exec --switch=default --set-switch --root /home/inkeaton/.opam -- ocamllsp --version
1.15.1-4.14

