2023-01-31 10:07:21.663 [info] Extension host with pid 3285 started
2023-01-31 10:07:21.663 [info] Skipping acquiring lock for /home/inkeaton/.config/VSCodium/User/workspaceStorage/8c28cae6c80c4b832707c291445870b3.
2023-01-31 10:07:21.766 [info] ExtensionService#_doActivateExtension vscode.git-base, startup: true, activationEvent: '*', root cause: vscode.git
2023-01-31 10:07:21.984 [info] ExtensionService#_doActivateExtension vscode.git, startup: true, activationEvent: '*'
2023-01-31 10:07:21.985 [info] ExtensionService#_doActivateExtension vscode.github, startup: true, activationEvent: '*'
2023-01-31 10:07:22.077 [info] Eager extensions activated
2023-01-31 10:07:22.140 [info] ExtensionService#_doActivateExtension vscode.debug-auto-launch, startup: false, activationEvent: 'onStartupFinished'
2023-01-31 10:07:22.140 [info] ExtensionService#_doActivateExtension vscode.emmet, startup: false, activationEvent: 'onStartupFinished'
2023-01-31 10:07:22.140 [info] ExtensionService#_doActivateExtension vscode.merge-conflict, startup: false, activationEvent: 'onStartupFinished'
2023-01-31 10:07:22.140 [info] ExtensionService#_doActivateExtension PKief.material-icon-theme, startup: false, activationEvent: 'onStartupFinished'
2023-01-31 10:07:32.160 [info] ExtensionService#_doActivateExtension vscode.configuration-editing, startup: false, activationEvent: 'onLanguage:jsonc'
2023-01-31 10:07:32.161 [info] ExtensionService#_doActivateExtension vscode.json-language-features, startup: false, activationEvent: 'onLanguage:jsonc'
2023-01-31 10:07:32.161 [info] ExtensionService#_doActivateExtension vscode.typescript-language-features, startup: false, activationEvent: 'onLanguage:jsonc'
2023-01-31 10:07:32.246 [warning] Using default string since no string found in i18n bundle that has the key: Configure
2023-01-31 10:07:32.246 [warning] Using default string since no string found in i18n bundle that has the key: JSON Language Server
2023-01-31 10:07:32.271 [warning] Using default string since no string found in i18n bundle that has the key: JSON: Schema Resolution Error
2023-01-31 10:07:32.444 [warning] Using default string since no string found in i18n bundle that has the key: Unable to resolve schema. Click to retry.
2023-01-31 10:07:32.445 [warning] Using default string since no string found in i18n bundle that has the key: JSON Validation Status
2023-01-31 10:07:32.445 [warning] Using default string since no string found in i18n bundle that has the key: Unable to compute used schemas: No document
2023-01-31 10:26:48.946 [warning] Using default string since no string found in i18n bundle that has the key: Loading JSON info
2023-01-31 10:26:48.953 [warning] Using default string since no string found in i18n bundle that has the key: No Schema Validation
2023-01-31 10:26:48.953 [warning] Using default string since no string found in i18n bundle that has the key: no JSON schema configured
2023-01-31 10:26:48.953 [warning] Using default string since no string found in i18n bundle that has the key: Show Schemas
2023-01-31 10:26:50.525 [warning] Using default string since no string found in i18n bundle that has the key: Unable to compute used schemas: No document
2023-01-31 10:26:58.025 [info] Extension host terminating: received terminate message from renderer
2023-01-31 10:26:58.033 [info] Extension host with pid 3285 exiting with code 0
